# JRE version: Java(TM) SE Runtime Environment (8.0_151-b12) (build 1.8.0_151-b12)
# Java VM: Java HotSpot(TM) 64-Bit Server VM (25.151-b12 mixed mode windows-amd64 compressed oops)
Heap:
 PSYoungGen      total 244736K, used 153542K [0x00000000d5d00000, 0x00000000eb580000, 0x0000000100000000)
  eden space 232448K, 60% used [0x00000000d5d00000,0x00000000de6f3f40,0x00000000e4000000)
  from space 12288K, 99% used [0x00000000e4000000,0x00000000e4bfdb10,0x00000000e4c00000)
  to   space 15872K, 0% used [0x00000000ea600000,0x00000000ea600000,0x00000000eb580000)
 ParOldGen       total 69120K, used 21884K [0x0000000081600000, 0x0000000085980000, 0x00000000d5d00000)
  object space 69120K, 31% used [0x0000000081600000,0x0000000082b5f148,0x0000000085980000)
 Metaspace       used 53663K, capacity 55558K, committed 55728K, reserved 1097728K
  class space    used 7437K, capacity 7796K, committed 7856K, reserved 1048576K
GC Heap History (10 events):
Event: 4.569 GC heap before
{Heap before GC invocations=7 (full 1):
 PSYoungGen      total 71680K, used 66560K [0x00000000d5d00000, 0x00000000df000000, 0x0000000100000000)
  eden space 66560K, 100% used [0x00000000d5d00000,0x00000000d9e00000,0x00000000d9e00000)
  from space 5120K, 0% used [0x00000000d9e00000,0x00000000d9e00000,0x00000000da300000)
  to   space 8704K, 0% used [0x00000000de780000,0x00000000de780000,0x00000000df000000)
 ParOldGen       total 48640K, used 8911K [0x0000000081600000, 0x0000000084580000, 0x00000000d5d00000)
  object space 48640K, 18% used [0x0000000081600000,0x0000000081eb3ef0,0x0000000084580000)
 Metaspace       used 25004K, capacity 25694K, committed 26032K, reserved 1071104K
  class space    used 3195K, capacity 3378K, committed 3504K, reserved 1048576K
Event: 4.594 GC heap after
Heap after GC invocations=7 (full 1):
 PSYoungGen      total 131584K, used 6056K [0x00000000d5d00000, 0x00000000ded80000, 0x0000000100000000)
  eden space 125440K, 0% used [0x00000000d5d00000,0x00000000d5d00000,0x00000000dd780000)
  from space 6144K, 98% used [0x00000000de780000,0x00000000ded6a1f0,0x00000000ded80000)
  to   space 8704K, 0% used [0x00000000ddc80000,0x00000000ddc80000,0x00000000de500000)
 ParOldGen       total 48640K, used 8919K [0x0000000081600000, 0x0000000084580000, 0x00000000d5d00000)
  object space 48640K, 18% used [0x0000000081600000,0x0000000081eb5ef0,0x0000000084580000)
 Metaspace       used 25004K, capacity 25694K, committed 26032K, reserved 1071104K
  class space    used 3195K, capacity 3378K, committed 3504K, reserved 1048576K
}
Event: 5.707 GC heap before
{Heap before GC invocations=8 (full 1):
 PSYoungGen      total 131584K, used 131496K [0x00000000d5d00000, 0x00000000ded80000, 0x0000000100000000)
  eden space 125440K, 100% used [0x00000000d5d00000,0x00000000dd780000,0x00000000dd780000)
  from space 6144K, 98% used [0x00000000de780000,0x00000000ded6a1f0,0x00000000ded80000)
  to   space 8704K, 0% used [0x00000000ddc80000,0x00000000ddc80000,0x00000000de500000)
 ParOldGen       total 48640K, used 8919K [0x0000000081600000, 0x0000000084580000, 0x00000000d5d00000)
  object space 48640K, 18% used [0x0000000081600000,0x0000000081eb5ef0,0x0000000084580000)
 Metaspace       used 29476K, capacity 30456K, committed 30512K, reserved 1075200K
  class space    used 3897K, capacity 4131K, committed 4144K, reserved 1048576K
Event: 5.750 GC heap after
Heap after GC invocations=8 (full 1):
 PSYoungGen      total 139264K, used 8684K [0x00000000d5d00000, 0x00000000e5600000, 0x0000000100000000)
  eden space 130560K, 0% used [0x00000000d5d00000,0x00000000d5d00000,0x00000000ddc80000)
  from space 8704K, 99% used [0x00000000ddc80000,0x00000000de4fb048,0x00000000de500000)
  to   space 10240K, 0% used [0x00000000e4c00000,0x00000000e4c00000,0x00000000e5600000)
 ParOldGen       total 48640K, used 9677K [0x0000000081600000, 0x0000000084580000, 0x00000000d5d00000)
  object space 48640K, 19% used [0x0000000081600000,0x0000000081f737a0,0x0000000084580000)
 Metaspace       used 29476K, capacity 30456K, committed 30512K, reserved 1075200K
  class space    used 3897K, capacity 4131K, committed 4144K, reserved 1048576K
}
Event: 7.144 GC heap before
{Heap before GC invocations=9 (full 1):
 PSYoungGen      total 139264K, used 132916K [0x00000000d5d00000, 0x00000000e5600000, 0x0000000100000000)
  eden space 130560K, 95% used [0x00000000d5d00000,0x00000000dd652250,0x00000000ddc80000)
  from space 8704K, 99% used [0x00000000ddc80000,0x00000000de4fb048,0x00000000de500000)
  to   space 10240K, 0% used [0x00000000e4c00000,0x00000000e4c00000,0x00000000e5600000)
 ParOldGen       total 48640K, used 9677K [0x0000000081600000, 0x0000000084580000, 0x00000000d5d00000)
  object space 48640K, 19% used [0x0000000081600000,0x0000000081f737a0,0x0000000084580000)
 Metaspace       used 34180K, capacity 35392K, committed 35496K, reserved 1079296K
  class space    used 4559K, capacity 4831K, committed 4912K, reserved 1048576K
Event: 7.170 GC heap after
Heap after GC invocations=9 (full 1):
 PSYoungGen      total 242688K, used 10226K [0x00000000d5d00000, 0x00000000e6000000, 0x0000000100000000)
  eden space 232448K, 0% used [0x00000000d5d00000,0x00000000d5d00000,0x00000000e4000000)
  from space 10240K, 99% used [0x00000000e4c00000,0x00000000e55fc848,0x00000000e5600000)
  to   space 12288K, 0% used [0x00000000e4000000,0x00000000e4000000,0x00000000e4c00000)
 ParOldGen       total 48640K, used 11909K [0x0000000081600000, 0x0000000084580000, 0x00000000d5d00000)
  object space 48640K, 24% used [0x0000000081600000,0x00000000821a1518,0x0000000084580000)
 Metaspace       used 34180K, capacity 35392K, committed 35496K, reserved 1079296K
  class space    used 4559K, capacity 4831K, committed 4912K, reserved 1048576K
}
Event: 7.170 GC heap before
{Heap before GC invocations=10 (full 2):
 PSYoungGen      total 242688K, used 10226K [0x00000000d5d00000, 0x00000000e6000000, 0x0000000100000000)
  eden space 232448K, 0% used [0x00000000d5d00000,0x00000000d5d00000,0x00000000e4000000)
  from space 10240K, 99% used [0x00000000e4c00000,0x00000000e55fc848,0x00000000e5600000)
  to   space 12288K, 0% used [0x00000000e4000000,0x00000000e4000000,0x00000000e4c00000)
 ParOldGen       total 48640K, used 11909K [0x0000000081600000, 0x0000000084580000, 0x00000000d5d00000)
  object space 48640K, 24% used [0x0000000081600000,0x00000000821a1518,0x0000000084580000)
 Metaspace       used 34180K, capacity 35392K, committed 35496K, reserved 1079296K
  class space    used 4559K, capacity 4831K, committed 4912K, reserved 1048576K
Event: 7.305 GC heap after
Heap after GC invocations=10 (full 2):
 PSYoungGen      total 242688K, used 0K [0x00000000d5d00000, 0x00000000e6000000, 0x0000000100000000)
  eden space 232448K, 0% used [0x00000000d5d00000,0x00000000d5d00000,0x00000000e4000000)
  from space 10240K, 0% used [0x00000000e4c00000,0x00000000e4c00000,0x00000000e5600000)
  to   space 12288K, 0% used [0x00000000e4000000,0x00000000e4000000,0x00000000e4c00000)
 ParOldGen       total 69120K, used 17192K [0x0000000081600000, 0x0000000085980000, 0x00000000d5d00000)
  object space 69120K, 24% used [0x0000000081600000,0x00000000826ca280,0x0000000085980000)
 Metaspace       used 34180K, capacity 35392K, committed 35496K, reserved 1079296K
  class space    used 4559K, capacity 4831K, committed 4912K, reserved 1048576K
}
Event: 9.430 GC heap before
{Heap before GC invocations=11 (full 2):
 PSYoungGen      total 242688K, used 232448K [0x00000000d5d00000, 0x00000000e6000000, 0x0000000100000000)
  eden space 232448K, 100% used [0x00000000d5d00000,0x00000000e4000000,0x00000000e4000000)
  from space 10240K, 0% used [0x00000000e4c00000,0x00000000e4c00000,0x00000000e5600000)
  to   space 12288K, 0% used [0x00000000e4000000,0x00000000e4000000,0x00000000e4c00000)
 ParOldGen       total 69120K, used 17192K [0x0000000081600000, 0x0000000085980000, 0x00000000d5d00000)
  object space 69120K, 24% used [0x0000000081600000,0x00000000826ca280,0x0000000085980000)
 Metaspace       used 48981K, capacity 50450K, committed 50736K, reserved 1093632K
  class space    used 6803K, capacity 7090K, committed 7216K, reserved 1048576K
Event: 9.448 GC heap after
Heap after GC invocations=11 (full 2):
 PSYoungGen      total 244736K, used 12278K [0x00000000d5d00000, 0x00000000eb580000, 0x0000000100000000)
  eden space 232448K, 0% used [0x00000000d5d00000,0x00000000d5d00000,0x00000000e4000000)
  from space 12288K, 99% used [0x00000000e4000000,0x00000000e4bfdb10,0x00000000e4c00000)
  to   space 15872K, 0% used [0x00000000ea600000,0x00000000ea600000,0x00000000eb580000)
 ParOldGen       total 69120K, used 21884K [0x0000000081600000, 0x0000000085980000, 0x00000000d5d00000)
  object space 69120K, 31% used [0x0000000081600000,0x0000000082b5f148,0x0000000085980000)
 Metaspace       used 48981K, capacity 50450K, committed 50736K, reserved 1093632K
  class space    used 6803K, capacity 7090K, committed 7216K, reserved 1048576K
}

